2026-04-19 02:05:55,257 - aqt.main - INFO - installer 19392 aqtinstall(aqt) v3.3.0 on Python 3.14.2 [CPython MSC v.1944 64 bit (AMD64)]
2026-04-19 02:05:55,258 - aqt.helper - DEBUG - helper 19392 Attempt to download checksum at https://download.qt.io/online/qtsdkrepository/windows_x86/desktop/qt6_672/Updates.xml.sha256
2026-04-19 02:05:59,917 - aqt.helper - DEBUG - helper 15516 Attempt to download checksum at https://download.qt.io/online/qtsdkrepository/windows_x86/desktop/qt6_672/qt.qt6.672.addons.qtwebsockets.win64_mingw/6.7.2-0-202406110335qtwebsockets-Windows-Windows_10_22H2-Mingw-Windows-Windows_10_22H2-X86_64.7z.sha256
2026-04-19 02:05:59,938 - aqt.helper - DEBUG - helper 12624 Attempt to download checksum at https://download.qt.io/online/qtsdkrepository/windows_x86/desktop/qt6_672/qt.qt6.672.win64_mingw/6.7.2-0-202406110335qtbase-Windows-Windows_10_22H2-Mingw-Windows-Windows_10_22H2-X86_64.7z.sha256
2026-04-19 02:05:59,942 - aqt.helper - DEBUG - helper 18112 Attempt to download checksum at https://download.qt.io/online/qtsdkrepository/windows_x86/desktop/qt6_672/qt.qt6.672.win64_mingw/6.7.2-0-202406110335qtsvg-Windows-Windows_10_22H2-Mingw-Windows-Windows_10_22H2-X86_64.7z.sha256
2026-04-19 02:05:59,966 - aqt.helper - DEBUG - helper 19208 Attempt to download checksum at https://download.qt.io/online/qtsdkrepository/windows_x86/desktop/qt6_672/qt.qt6.672.win64_mingw/6.7.2-0-202406110335qtdeclarative-Windows-Windows_10_22H2-Mingw-Windows-Windows_10_22H2-X86_64.7z.sha256
2026-04-19 02:06:01,621 - aqt.helper - INFO - helper 15516 Downloading qtwebsockets...
2026-04-19 02:06:01,621 - aqt.helper - INFO - helper 18112 Downloading qtsvg...
2026-04-19 02:06:01,621 - aqt.installer - DEBUG - installer 15516 Download URL: https://download.qt.io/online/qtsdkrepository/windows_x86/desktop/qt6_672/qt.qt6.672.addons.qtwebsockets.win64_mingw/6.7.2-0-202406110335qtwebsockets-Windows-Windows_10_22H2-Mingw-Windows-Windows_10_22H2-X86_64.7z
2026-04-19 02:06:01,622 - aqt.installer - DEBUG - installer 18112 Download URL: https://download.qt.io/online/qtsdkrepository/windows_x86/desktop/qt6_672/qt.qt6.672.win64_mingw/6.7.2-0-202406110335qtsvg-Windows-Windows_10_22H2-Mingw-Windows-Windows_10_22H2-X86_64.7z
2026-04-19 02:06:01,659 - aqt.helper - INFO - helper 12624 Downloading qtbase...
2026-04-19 02:06:01,659 - aqt.helper - INFO - helper 19208 Downloading qtdeclarative...
2026-04-19 02:06:01,659 - aqt.installer - DEBUG - installer 12624 Download URL: https://download.qt.io/online/qtsdkrepository/windows_x86/desktop/qt6_672/qt.qt6.672.win64_mingw/6.7.2-0-202406110335qtbase-Windows-Windows_10_22H2-Mingw-Windows-Windows_10_22H2-X86_64.7z
2026-04-19 02:06:01,659 - aqt.installer - DEBUG - installer 19208 Download URL: https://download.qt.io/online/qtsdkrepository/windows_x86/desktop/qt6_672/qt.qt6.672.win64_mingw/6.7.2-0-202406110335qtdeclarative-Windows-Windows_10_22H2-Mingw-Windows-Windows_10_22H2-X86_64.7z
2026-04-19 02:06:03,286 - aqt.helper - DEBUG - helper 15516 Asked to redirect(302) to: https://qt.mirror.constant.com/online/qtsdkrepository/windows_x86/desktop/qt6_672/qt.qt6.672.addons.qtwebsockets.win64_mingw/6.7.2-0-202406110335qtwebsockets-Windows-Windows_10_22H2-Mingw-Windows-Windows_10_22H2-X86_64.7z
2026-04-19 02:06:03,286 - aqt.helper - INFO - helper 15516 Redirected: qt.mirror.constant.com
2026-04-19 02:06:03,298 - aqt.helper - DEBUG - helper 19208 Asked to redirect(302) to: https://qt.mirror.constant.com/online/qtsdkrepository/windows_x86/desktop/qt6_672/qt.qt6.672.win64_mingw/6.7.2-0-202406110335qtdeclarative-Windows-Windows_10_22H2-Mingw-Windows-Windows_10_22H2-X86_64.7z
2026-04-19 02:06:03,299 - aqt.helper - INFO - helper 19208 Redirected: qt.mirror.constant.com
2026-04-19 02:06:03,304 - aqt.helper - DEBUG - helper 18112 Asked to redirect(302) to: https://qt.mirror.constant.com/online/qtsdkrepository/windows_x86/desktop/qt6_672/qt.qt6.672.win64_mingw/6.7.2-0-202406110335qtsvg-Windows-Windows_10_22H2-Mingw-Windows-Windows_10_22H2-X86_64.7z
2026-04-19 02:06:03,305 - aqt.helper - INFO - helper 18112 Redirected: qt.mirror.constant.com
2026-04-19 02:06:03,332 - aqt.helper - DEBUG - helper 12624 Asked to redirect(302) to: https://qt.mirror.constant.com/online/qtsdkrepository/windows_x86/desktop/qt6_672/qt.qt6.672.win64_mingw/6.7.2-0-202406110335qtbase-Windows-Windows_10_22H2-Mingw-Windows-Windows_10_22H2-X86_64.7z
2026-04-19 02:06:03,332 - aqt.helper - INFO - helper 12624 Redirected: qt.mirror.constant.com
2026-04-19 02:06:05,536 - aqt.installer - INFO - installer 15516 Finished installation of qtwebsockets-Windows-Windows_10_22H2-Mingw-Windows-Windows_10_22H2-X86_64.7z in 5.63096470
2026-04-19 02:06:05,585 - aqt.helper - DEBUG - helper 15516 Attempt to download checksum at https://download.qt.io/online/qtsdkrepository/windows_x86/desktop/qt6_672/qt.qt6.672.win64_mingw/6.7.2-0-202406110335qttools-Windows-Windows_10_22H2-Mingw-Windows-Windows_10_22H2-X86_64.7z.sha256
2026-04-19 02:06:05,856 - aqt.installer - INFO - installer 18112 Finished installation of qtsvg-Windows-Windows_10_22H2-Mingw-Windows-Windows_10_22H2-X86_64.7z in 5.92292220
2026-04-19 02:06:05,916 - aqt.helper - DEBUG - helper 18112 Attempt to download checksum at https://download.qt.io/online/qtsdkrepository/windows_x86/desktop/qt6_672/qt.qt6.672.win64_mingw/6.7.2-0-202406110335qttranslations-Windows-Windows_10_22H2-Mingw-Windows-Windows_10_22H2-X86_64.7z.sha256
2026-04-19 02:06:07,148 - aqt.helper - INFO - helper 15516 Downloading qttools...
2026-04-19 02:06:07,149 - aqt.installer - DEBUG - installer 15516 Download URL: https://download.qt.io/online/qtsdkrepository/windows_x86/desktop/qt6_672/qt.qt6.672.win64_mingw/6.7.2-0-202406110335qttools-Windows-Windows_10_22H2-Mingw-Windows-Windows_10_22H2-X86_64.7z
2026-04-19 02:06:08,990 - aqt.helper - DEBUG - helper 15516 Asked to redirect(302) to: https://qt.mirror.constant.com/online/qtsdkrepository/windows_x86/desktop/qt6_672/qt.qt6.672.win64_mingw/6.7.2-0-202406110335qttools-Windows-Windows_10_22H2-Mingw-Windows-Windows_10_22H2-X86_64.7z
2026-04-19 02:06:08,990 - aqt.helper - INFO - helper 15516 Redirected: qt.mirror.constant.com
2026-04-19 02:06:11,618 - aqt.helper - INFO - helper 18112 Downloading qttranslations...
2026-04-19 02:06:11,618 - aqt.installer - DEBUG - installer 18112 Download URL: https://download.qt.io/online/qtsdkrepository/windows_x86/desktop/qt6_672/qt.qt6.672.win64_mingw/6.7.2-0-202406110335qttranslations-Windows-Windows_10_22H2-Mingw-Windows-Windows_10_22H2-X86_64.7z
2026-04-19 02:06:12,805 - aqt.helper - DEBUG - helper 18112 Asked to redirect(302) to: https://qt.mirror.constant.com/online/qtsdkrepository/windows_x86/desktop/qt6_672/qt.qt6.672.win64_mingw/6.7.2-0-202406110335qttranslations-Windows-Windows_10_22H2-Mingw-Windows-Windows_10_22H2-X86_64.7z
2026-04-19 02:06:12,805 - aqt.helper - INFO - helper 18112 Redirected: qt.mirror.constant.com
2026-04-19 02:06:22,284 - aqt.installer - INFO - installer 18112 Finished installation of qttranslations-Windows-Windows_10_22H2-Mingw-Windows-Windows_10_22H2-X86_64.7z in 16.37778750
2026-04-19 02:06:22,650 - aqt.helper - DEBUG - helper 18112 Attempt to download checksum at https://download.qt.io/online/qtsdkrepository/windows_x86/desktop/qt6_672/qt.qt6.672.win64_mingw/6.7.2-0-202406110335MinGW-w64-x86_64-11.2.0-release-posix-seh-rt_v9-rev1-runtime.7z.sha256
2026-04-19 02:06:25,795 - aqt.helper - INFO - helper 18112 Downloading MinGW...
2026-04-19 02:06:25,796 - aqt.installer - DEBUG - installer 18112 Download URL: https://download.qt.io/online/qtsdkrepository/windows_x86/desktop/qt6_672/qt.qt6.672.win64_mingw/6.7.2-0-202406110335MinGW-w64-x86_64-11.2.0-release-posix-seh-rt_v9-rev1-runtime.7z
2026-04-19 02:06:29,443 - aqt.helper - DEBUG - helper 18112 Asked to redirect(302) to: https://qt.mirror.constant.com/online/qtsdkrepository/windows_x86/desktop/qt6_672/qt.qt6.672.win64_mingw/6.7.2-0-202406110335MinGW-w64-x86_64-11.2.0-release-posix-seh-rt_v9-rev1-runtime.7z
2026-04-19 02:06:29,444 - aqt.helper - INFO - helper 18112 Redirected: qt.mirror.constant.com
2026-04-19 02:06:32,932 - aqt.installer - INFO - installer 18112 Finished installation of MinGW-w64-x86_64-11.2.0-release-posix-seh-rt_v9-rev1-runtime.7z in 10.29034880
2026-04-19 02:06:33,383 - aqt.helper - DEBUG - helper 18112 Attempt to download checksum at https://download.qt.io/online/qtsdkrepository/windows_x86/desktop/qt6_672/qt.qt6.672.win64_mingw/6.7.2-0-202406110335d3dcompiler_47-x64.7z.sha256
2026-04-19 02:06:36,624 - aqt.helper - INFO - helper 18112 Downloading d3dcompiler_47...
2026-04-19 02:06:36,625 - aqt.installer - DEBUG - installer 18112 Download URL: https://download.qt.io/online/qtsdkrepository/windows_x86/desktop/qt6_672/qt.qt6.672.win64_mingw/6.7.2-0-202406110335d3dcompiler_47-x64.7z
2026-04-19 02:06:38,813 - aqt.helper - DEBUG - helper 18112 Asked to redirect(302) to: https://qt.mirror.constant.com/online/qtsdkrepository/windows_x86/desktop/qt6_672/qt.qt6.672.win64_mingw/6.7.2-0-202406110335d3dcompiler_47-x64.7z
2026-04-19 02:06:38,814 - aqt.helper - INFO - helper 18112 Redirected: qt.mirror.constant.com
2026-04-19 02:06:39,266 - aqt.installer - INFO - installer 15516 Finished installation of qttools-Windows-Windows_10_22H2-Mingw-Windows-Windows_10_22H2-X86_64.7z in 33.68813470
2026-04-19 02:06:39,545 - aqt.helper - DEBUG - helper 15516 Attempt to download checksum at https://download.qt.io/online/qtsdkrepository/windows_x86/desktop/qt6_672/qt.qt6.672.win64_mingw/6.7.2-0-202406110335opengl32sw-64-mesa_11_2_2-signed_sha256.7z.sha256
2026-04-19 02:06:42,167 - aqt.helper - INFO - helper 15516 Downloading opengl32sw...
2026-04-19 02:06:42,167 - aqt.installer - DEBUG - installer 15516 Download URL: https://download.qt.io/online/qtsdkrepository/windows_x86/desktop/qt6_672/qt.qt6.672.win64_mingw/6.7.2-0-202406110335opengl32sw-64-mesa_11_2_2-signed_sha256.7z
2026-04-19 02:06:44,310 - aqt.helper - DEBUG - helper 15516 Asked to redirect(302) to: https://qt.mirror.constant.com/online/qtsdkrepository/windows_x86/desktop/qt6_672/qt.qt6.672.win64_mingw/6.7.2-0-202406110335opengl32sw-64-mesa_11_2_2-signed_sha256.7z
2026-04-19 02:06:44,310 - aqt.helper - INFO - helper 15516 Redirected: qt.mirror.constant.com
2026-04-19 02:06:44,682 - aqt.installer - INFO - installer 18112 Finished installation of d3dcompiler_47-x64.7z in 11.30627260
2026-04-19 02:06:50,980 - aqt.installer - INFO - installer 15516 Finished installation of opengl32sw-64-mesa_11_2_2-signed_sha256.7z in 11.44475220
2026-04-19 02:06:54,622 - aqt.installer - INFO - installer 12624 Finished installation of qtbase-Windows-Windows_10_22H2-Mingw-Windows-Windows_10_22H2-X86_64.7z in 54.69392810
2026-04-19 02:06:57,111 - aqt.main - INFO - installer 16808 aqtinstall(aqt) v3.3.0 on Python 3.14.2 [CPython MSC v.1944 64 bit (AMD64)]
2026-04-19 02:06:57,111 - aqt.helper - DEBUG - helper 16808 Attempt to download checksum at https://download.qt.io/online/qtsdkrepository/windows_x86/desktop/tools_mingw/Updates.xml.sha256
2026-04-19 02:07:00,520 - aqt.helper - DEBUG - helper 16808 Attempt to download checksum at https://download.qt.io/online/qtsdkrepository/windows_x86/desktop/tools_mingw/Updates.xml.sha256
2026-04-19 02:07:09,553 - aqt.helper - DEBUG - helper 8460 Attempt to download checksum at https://download.qt.io/online/qtsdkrepository/windows_x86/desktop/tools_mingw/qt.tools.mingw47/4.7.2-1-1x32-4.7.2-release-posix-sjlj-rev8.7z.sha256
2026-04-19 02:07:11,357 - aqt.helper - INFO - helper 8460 Downloading qt.tools.mingw47...
2026-04-19 02:07:11,357 - aqt.installer - DEBUG - installer 8460 Download URL: https://download.qt.io/online/qtsdkrepository/windows_x86/desktop/tools_mingw/qt.tools.mingw47/4.7.2-1-1x32-4.7.2-release-posix-sjlj-rev8.7z
2026-04-19 02:07:12,803 - aqt.helper - DEBUG - helper 8460 Asked to redirect(302) to: https://qt.mirror.constant.com/online/qtsdkrepository/windows_x86/desktop/tools_mingw/qt.tools.mingw47/4.7.2-1-1x32-4.7.2-release-posix-sjlj-rev8.7z
2026-04-19 02:07:12,803 - aqt.helper - INFO - helper 8460 Redirected: qt.mirror.constant.com
2026-04-19 02:07:34,350 - aqt.installer - INFO - installer 19208 Finished installation of qtdeclarative-Windows-Windows_10_22H2-Mingw-Windows-Windows_10_22H2-X86_64.7z in 94.39552280
2026-04-19 02:07:36,521 - aqt.updater - INFO - updater 19392 Patching C:\Users\m94sb\Desktop\metube-master\metube-desktop\6.7.2\mingw_64\bin\qmake.exe
2026-04-19 02:07:36,534 - aqt.updater - INFO - updater 19392 Patching C:\Users\m94sb\Desktop\metube-master\metube-desktop\6.7.2\mingw_64\lib\pkgconfig\Qt6Concurrent.pc
2026-04-19 02:07:36,536 - aqt.updater - INFO - updater 19392 Patching C:\Users\m94sb\Desktop\metube-master\metube-desktop\6.7.2\mingw_64\lib\pkgconfig\Qt6Core.pc
2026-04-19 02:07:36,582 - aqt.updater - INFO - updater 19392 Patching C:\Users\m94sb\Desktop\metube-master\metube-desktop\6.7.2\mingw_64\lib\pkgconfig\Qt6DBus.pc
2026-04-19 02:07:36,584 - aqt.updater - INFO - updater 19392 Patching C:\Users\m94sb\Desktop\metube-master\metube-desktop\6.7.2\mingw_64\lib\pkgconfig\Qt6Designer.pc
2026-04-19 02:07:36,586 - aqt.updater - INFO - updater 19392 Patching C:\Users\m94sb\Desktop\metube-master\metube-desktop\6.7.2\mingw_64\lib\pkgconfig\Qt6Gui.pc
2026-04-19 02:07:36,588 - aqt.updater - INFO - updater 19392 Patching C:\Users\m94sb\Desktop\metube-master\metube-desktop\6.7.2\mingw_64\lib\pkgconfig\Qt6Help.pc
2026-04-19 02:07:36,590 - aqt.updater - INFO - updater 19392 Patching C:\Users\m94sb\Desktop\metube-master\metube-desktop\6.7.2\mingw_64\lib\pkgconfig\Qt6LabsAnimation.pc
2026-04-19 02:07:36,592 - aqt.updater - INFO - updater 19392 Patching C:\Users\m94sb\Desktop\metube-master\metube-desktop\6.7.2\mingw_64\lib\pkgconfig\Qt6LabsFolderListModel.pc
2026-04-19 02:07:36,595 - aqt.updater - INFO - updater 19392 Patching C:\Users\m94sb\Desktop\metube-master\metube-desktop\6.7.2\mingw_64\lib\pkgconfig\Qt6LabsQmlModels.pc
2026-04-19 02:07:36,631 - aqt.updater - INFO - updater 19392 Patching C:\Users\m94sb\Desktop\metube-master\metube-desktop\6.7.2\mingw_64\lib\pkgconfig\Qt6LabsSettings.pc
2026-04-19 02:07:36,897 - aqt.updater - INFO - updater 19392 Patching C:\Users\m94sb\Desktop\metube-master\metube-desktop\6.7.2\mingw_64\lib\pkgconfig\Qt6LabsSharedImage.pc
2026-04-19 02:07:37,246 - aqt.updater - INFO - updater 19392 Patching C:\Users\m94sb\Desktop\metube-master\metube-desktop\6.7.2\mingw_64\lib\pkgconfig\Qt6LabsWavefrontMesh.pc
2026-04-19 02:07:37,358 - aqt.updater - INFO - updater 19392 Patching C:\Users\m94sb\Desktop\metube-master\metube-desktop\6.7.2\mingw_64\lib\pkgconfig\Qt6Linguist.pc
2026-04-19 02:07:37,361 - aqt.updater - INFO - updater 19392 Patching C:\Users\m94sb\Desktop\metube-master\metube-desktop\6.7.2\mingw_64\lib\pkgconfig\Qt6Network.pc
2026-04-19 02:07:37,364 - aqt.updater - INFO - updater 19392 Patching C:\Users\m94sb\Desktop\metube-master\metube-desktop\6.7.2\mingw_64\lib\pkgconfig\Qt6OpenGL.pc
2026-04-19 02:07:37,366 - aqt.updater - INFO - updater 19392 Patching C:\Users\m94sb\Desktop\metube-master\metube-desktop\6.7.2\mingw_64\lib\pkgconfig\Qt6OpenGLWidgets.pc
2026-04-19 02:07:37,368 - aqt.updater - INFO - updater 19392 Patching C:\Users\m94sb\Desktop\metube-master\metube-desktop\6.7.2\mingw_64\lib\pkgconfig\Qt6Platform.pc
2026-04-19 02:07:37,370 - aqt.updater - INFO - updater 19392 Patching C:\Users\m94sb\Desktop\metube-master\metube-desktop\6.7.2\mingw_64\lib\pkgconfig\Qt6PrintSupport.pc
2026-04-19 02:07:37,371 - aqt.updater - INFO - updater 19392 Patching C:\Users\m94sb\Desktop\metube-master\metube-desktop\6.7.2\mingw_64\lib\pkgconfig\Qt6Qml.pc
2026-04-19 02:07:37,508 - aqt.updater - INFO - updater 19392 Patching C:\Users\m94sb\Desktop\metube-master\metube-desktop\6.7.2\mingw_64\lib\pkgconfig\Qt6QmlBuiltins.pc
2026-04-19 02:07:37,814 - aqt.updater - INFO - updater 19392 Patching C:\Users\m94sb\Desktop\metube-master\metube-desktop\6.7.2\mingw_64\lib\pkgconfig\Qt6QmlCompiler.pc
2026-04-19 02:07:37,917 - aqt.updater - INFO - updater 19392 Patching C:\Users\m94sb\Desktop\metube-master\metube-desktop\6.7.2\mingw_64\lib\pkgconfig\Qt6QmlCore.pc
2026-04-19 02:07:37,941 - aqt.updater - INFO - updater 19392 Patching C:\Users\m94sb\Desktop\metube-master\metube-desktop\6.7.2\mingw_64\lib\pkgconfig\Qt6QmlIntegration.pc
2026-04-19 02:07:37,967 - aqt.updater - INFO - updater 19392 Patching C:\Users\m94sb\Desktop\metube-master\metube-desktop\6.7.2\mingw_64\lib\pkgconfig\Qt6QmlLocalStorage.pc
2026-04-19 02:07:37,999 - aqt.updater - INFO - updater 19392 Patching C:\Users\m94sb\Desktop\metube-master\metube-desktop\6.7.2\mingw_64\lib\pkgconfig\Qt6QmlModels.pc
2026-04-19 02:07:38,311 - aqt.updater - INFO - updater 19392 Patching C:\Users\m94sb\Desktop\metube-master\metube-desktop\6.7.2\mingw_64\lib\pkgconfig\Qt6QmlNetwork.pc
2026-04-19 02:07:39,257 - aqt.updater - INFO - updater 19392 Patching C:\Users\m94sb\Desktop\metube-master\metube-desktop\6.7.2\mingw_64\lib\pkgconfig\Qt6QmlWorkerScript.pc
2026-04-19 02:07:39,693 - aqt.updater - INFO - updater 19392 Patching C:\Users\m94sb\Desktop\metube-master\metube-desktop\6.7.2\mingw_64\lib\pkgconfig\Qt6QmlXmlListModel.pc
2026-04-19 02:07:41,318 - aqt.updater - INFO - updater 19392 Patching C:\Users\m94sb\Desktop\metube-master\metube-desktop\6.7.2\mingw_64\lib\pkgconfig\Qt6Quick.pc
2026-04-19 02:07:41,795 - aqt.updater - INFO - updater 19392 Patching C:\Users\m94sb\Desktop\metube-master\metube-desktop\6.7.2\mingw_64\lib\pkgconfig\Qt6QuickControls2.pc
2026-04-19 02:07:41,987 - aqt.updater - INFO - updater 19392 Patching C:\Users\m94sb\Desktop\metube-master\metube-desktop\6.7.2\mingw_64\lib\pkgconfig\Qt6QuickControls2Basic.pc
2026-04-19 02:07:42,017 - aqt.updater - INFO - updater 19392 Patching C:\Users\m94sb\Desktop\metube-master\metube-desktop\6.7.2\mingw_64\lib\pkgconfig\Qt6QuickControls2BasicStyleImpl.pc
2026-04-19 02:07:42,058 - aqt.updater - INFO - updater 19392 Patching C:\Users\m94sb\Desktop\metube-master\metube-desktop\6.7.2\mingw_64\lib\pkgconfig\Qt6QuickControls2Fusion.pc
2026-04-19 02:07:42,198 - aqt.updater - INFO - updater 19392 Patching C:\Users\m94sb\Desktop\metube-master\metube-desktop\6.7.2\mingw_64\lib\pkgconfig\Qt6QuickControls2FusionStyleImpl.pc
2026-04-19 02:07:42,389 - aqt.updater - INFO - updater 19392 Patching C:\Users\m94sb\Desktop\metube-master\metube-desktop\6.7.2\mingw_64\lib\pkgconfig\Qt6QuickControls2Imagine.pc
2026-04-19 02:07:42,695 - aqt.updater - INFO - updater 19392 Patching C:\Users\m94sb\Desktop\metube-master\metube-desktop\6.7.2\mingw_64\lib\pkgconfig\Qt6QuickControls2ImagineStyleImpl.pc
2026-04-19 02:07:42,793 - aqt.updater - INFO - updater 19392 Patching C:\Users\m94sb\Desktop\metube-master\metube-desktop\6.7.2\mingw_64\lib\pkgconfig\Qt6QuickControls2Impl.pc
2026-04-19 02:07:42,918 - aqt.updater - INFO - updater 19392 Patching C:\Users\m94sb\Desktop\metube-master\metube-desktop\6.7.2\mingw_64\lib\pkgconfig\Qt6QuickControls2Material.pc
2026-04-19 02:07:43,034 - aqt.updater - INFO - updater 19392 Patching C:\Users\m94sb\Desktop\metube-master\metube-desktop\6.7.2\mingw_64\lib\pkgconfig\Qt6QuickControls2MaterialStyleImpl.pc
2026-04-19 02:07:43,404 - aqt.updater - INFO - updater 19392 Patching C:\Users\m94sb\Desktop\metube-master\metube-desktop\6.7.2\mingw_64\lib\pkgconfig\Qt6QuickControls2Universal.pc
2026-04-19 02:07:43,627 - aqt.updater - INFO - updater 19392 Patching C:\Users\m94sb\Desktop\metube-master\metube-desktop\6.7.2\mingw_64\lib\pkgconfig\Qt6QuickControls2UniversalStyleImpl.pc
2026-04-19 02:07:44,252 - aqt.updater - INFO - updater 19392 Patching C:\Users\m94sb\Desktop\metube-master\metube-desktop\6.7.2\mingw_64\lib\pkgconfig\Qt6QuickControls2WindowsStyleImpl.pc
2026-04-19 02:07:44,336 - aqt.updater - INFO - updater 19392 Patching C:\Users\m94sb\Desktop\metube-master\metube-desktop\6.7.2\mingw_64\lib\pkgconfig\Qt6QuickDialogs2.pc
2026-04-19 02:07:44,431 - aqt.updater - INFO - updater 19392 Patching C:\Users\m94sb\Desktop\metube-master\metube-desktop\6.7.2\mingw_64\lib\pkgconfig\Qt6QuickDialogs2QuickImpl.pc
2026-04-19 02:07:44,563 - aqt.updater - INFO - updater 19392 Patching C:\Users\m94sb\Desktop\metube-master\metube-desktop\6.7.2\mingw_64\lib\pkgconfig\Qt6QuickDialogs2Utils.pc
2026-04-19 02:07:44,609 - aqt.updater - INFO - updater 19392 Patching C:\Users\m94sb\Desktop\metube-master\metube-desktop\6.7.2\mingw_64\lib\pkgconfig\Qt6QuickLayouts.pc
2026-04-19 02:07:45,135 - aqt.updater - INFO - updater 19392 Patching C:\Users\m94sb\Desktop\metube-master\metube-desktop\6.7.2\mingw_64\lib\pkgconfig\Qt6QuickTemplates2.pc
2026-04-19 02:07:45,650 - aqt.updater - INFO - updater 19392 Patching C:\Users\m94sb\Desktop\metube-master\metube-desktop\6.7.2\mingw_64\lib\pkgconfig\Qt6QuickTest.pc
2026-04-19 02:07:45,825 - aqt.updater - INFO - updater 19392 Patching C:\Users\m94sb\Desktop\metube-master\metube-desktop\6.7.2\mingw_64\lib\pkgconfig\Qt6QuickWidgets.pc
2026-04-19 02:07:46,150 - aqt.updater - INFO - updater 19392 Patching C:\Users\m94sb\Desktop\metube-master\metube-desktop\6.7.2\mingw_64\lib\pkgconfig\Qt6Sql.pc
2026-04-19 02:07:46,152 - aqt.updater - INFO - updater 19392 Patching C:\Users\m94sb\Desktop\metube-master\metube-desktop\6.7.2\mingw_64\lib\pkgconfig\Qt6Svg.pc
2026-04-19 02:07:46,154 - aqt.updater - INFO - updater 19392 Patching C:\Users\m94sb\Desktop\metube-master\metube-desktop\6.7.2\mingw_64\lib\pkgconfig\Qt6SvgWidgets.pc
2026-04-19 02:07:46,157 - aqt.updater - INFO - updater 19392 Patching C:\Users\m94sb\Desktop\metube-master\metube-desktop\6.7.2\mingw_64\lib\pkgconfig\Qt6Test.pc
2026-04-19 02:07:46,161 - aqt.updater - INFO - updater 19392 Patching C:\Users\m94sb\Desktop\metube-master\metube-desktop\6.7.2\mingw_64\lib\pkgconfig\Qt6UiPlugin.pc
2026-04-19 02:07:46,163 - aqt.updater - INFO - updater 19392 Patching C:\Users\m94sb\Desktop\metube-master\metube-desktop\6.7.2\mingw_64\lib\pkgconfig\Qt6UiTools.pc
2026-04-19 02:07:46,165 - aqt.updater - INFO - updater 19392 Patching C:\Users\m94sb\Desktop\metube-master\metube-desktop\6.7.2\mingw_64\lib\pkgconfig\Qt6WebSockets.pc
2026-04-19 02:07:46,168 - aqt.updater - INFO - updater 19392 Patching C:\Users\m94sb\Desktop\metube-master\metube-desktop\6.7.2\mingw_64\lib\pkgconfig\Qt6Widgets.pc
2026-04-19 02:07:46,174 - aqt.updater - INFO - updater 19392 Patching C:\Users\m94sb\Desktop\metube-master\metube-desktop\6.7.2\mingw_64\lib\pkgconfig\Qt6Xml.pc
2026-04-19 02:07:46,272 - aqt.updater - INFO - updater 19392 Patching C:\Users\m94sb\Desktop\metube-master\metube-desktop\6.7.2\mingw_64\lib\Qt6Concurrent.prl
2026-04-19 02:07:46,278 - aqt.updater - INFO - updater 19392 Patching C:\Users\m94sb\Desktop\metube-master\metube-desktop\6.7.2\mingw_64\lib\Qt6Core.prl
2026-04-19 02:07:46,279 - aqt.updater - INFO - updater 19392 Patching C:\Users\m94sb\Desktop\metube-master\metube-desktop\6.7.2\mingw_64\lib\Qt6DBus.prl
2026-04-19 02:07:46,282 - aqt.updater - INFO - updater 19392 Patching C:\Users\m94sb\Desktop\metube-master\metube-desktop\6.7.2\mingw_64\lib\Qt6Designer.prl
2026-04-19 02:07:46,283 - aqt.updater - INFO - updater 19392 Patching C:\Users\m94sb\Desktop\metube-master\metube-desktop\6.7.2\mingw_64\lib\Qt6DesignerComponents.prl
2026-04-19 02:07:46,285 - aqt.updater - INFO - updater 19392 Patching C:\Users\m94sb\Desktop\metube-master\metube-desktop\6.7.2\mingw_64\lib\Qt6DeviceDiscoverySupport.prl
2026-04-19 02:07:46,287 - aqt.updater - INFO - updater 19392 Patching C:\Users\m94sb\Desktop\metube-master\metube-desktop\6.7.2\mingw_64\lib\Qt6EntryPoint.prl
2026-04-19 02:07:46,288 - aqt.updater - INFO - updater 19392 Patching C:\Users\m94sb\Desktop\metube-master\metube-desktop\6.7.2\mingw_64\lib\Qt6ExampleIcons.prl
2026-04-19 02:07:46,290 - aqt.updater - INFO - updater 19392 Patching C:\Users\m94sb\Desktop\metube-master\metube-desktop\6.7.2\mingw_64\lib\Qt6FbSupport.prl
2026-04-19 02:07:46,293 - aqt.updater - INFO - updater 19392 Patching C:\Users\m94sb\Desktop\metube-master\metube-desktop\6.7.2\mingw_64\lib\Qt6Gui.prl
2026-04-19 02:07:46,295 - aqt.updater - INFO - updater 19392 Patching C:\Users\m94sb\Desktop\metube-master\metube-desktop\6.7.2\mingw_64\lib\Qt6Help.prl
2026-04-19 02:07:46,320 - aqt.updater - INFO - updater 19392 Patching C:\Users\m94sb\Desktop\metube-master\metube-desktop\6.7.2\mingw_64\lib\Qt6LabsAnimation.prl
2026-04-19 02:07:46,345 - aqt.updater - INFO - updater 19392 Patching C:\Users\m94sb\Desktop\metube-master\metube-desktop\6.7.2\mingw_64\lib\Qt6LabsFolderListModel.prl
2026-04-19 02:07:46,348 - aqt.updater - INFO - updater 19392 Patching C:\Users\m94sb\Desktop\metube-master\metube-desktop\6.7.2\mingw_64\lib\Qt6LabsQmlModels.prl
2026-04-19 02:07:46,352 - aqt.updater - INFO - updater 19392 Patching C:\Users\m94sb\Desktop\metube-master\metube-desktop\6.7.2\mingw_64\lib\Qt6LabsSettings.prl
2026-04-19 02:07:46,354 - aqt.updater - INFO - updater 19392 Patching C:\Users\m94sb\Desktop\metube-master\metube-desktop\6.7.2\mingw_64\lib\Qt6LabsSharedImage.prl
2026-04-19 02:07:46,417 - aqt.updater - INFO - updater 19392 Patching C:\Users\m94sb\Desktop\metube-master\metube-desktop\6.7.2\mingw_64\lib\Qt6LabsWavefrontMesh.prl
2026-04-19 02:07:46,579 - aqt.updater - INFO - updater 19392 Patching C:\Users\m94sb\Desktop\metube-master\metube-desktop\6.7.2\mingw_64\lib\Qt6Network.prl
2026-04-19 02:07:46,582 - aqt.updater - INFO - updater 19392 Patching C:\Users\m94sb\Desktop\metube-master\metube-desktop\6.7.2\mingw_64\lib\Qt6OpenGL.prl
2026-04-19 02:07:46,586 - aqt.updater - INFO - updater 19392 Patching C:\Users\m94sb\Desktop\metube-master\metube-desktop\6.7.2\mingw_64\lib\Qt6OpenGLWidgets.prl
2026-04-19 02:07:46,590 - aqt.updater - INFO - updater 19392 Patching C:\Users\m94sb\Desktop\metube-master\metube-desktop\6.7.2\mingw_64\lib\Qt6PacketProtocol.prl
2026-04-19 02:07:46,593 - aqt.updater - INFO - updater 19392 Patching C:\Users\m94sb\Desktop\metube-master\metube-desktop\6.7.2\mingw_64\lib\Qt6PrintSupport.prl
2026-04-19 02:07:46,595 - aqt.updater - INFO - updater 19392 Patching C:\Users\m94sb\Desktop\metube-master\metube-desktop\6.7.2\mingw_64\lib\Qt6Qml.prl
2026-04-19 02:07:47,860 - aqt.updater - INFO - updater 19392 Patching C:\Users\m94sb\Desktop\metube-master\metube-desktop\6.7.2\mingw_64\lib\Qt6QmlBuiltins.prl
2026-04-19 02:07:49,577 - aqt.updater - INFO - updater 19392 Patching C:\Users\m94sb\Desktop\metube-master\metube-desktop\6.7.2\mingw_64\lib\Qt6QmlCompiler.prl
2026-04-19 02:07:50,236 - aqt.updater - INFO - updater 19392 Patching C:\Users\m94sb\Desktop\metube-master\metube-desktop\6.7.2\mingw_64\lib\Qt6QmlCore.prl
2026-04-19 02:07:50,828 - aqt.updater - INFO - updater 19392 Patching C:\Users\m94sb\Desktop\metube-master\metube-desktop\6.7.2\mingw_64\lib\Qt6QmlDebug.prl
2026-04-19 02:07:51,393 - aqt.updater - INFO - updater 19392 Patching C:\Users\m94sb\Desktop\metube-master\metube-desktop\6.7.2\mingw_64\lib\Qt6QmlDom.prl
2026-04-19 02:07:52,243 - aqt.updater - INFO - updater 19392 Patching C:\Users\m94sb\Desktop\metube-master\metube-desktop\6.7.2\mingw_64\lib\Qt6QmlLocalStorage.prl
2026-04-19 02:07:53,037 - aqt.updater - INFO - updater 19392 Patching C:\Users\m94sb\Desktop\metube-master\metube-desktop\6.7.2\mingw_64\lib\Qt6QmlLS.prl
2026-04-19 02:07:53,465 - aqt.updater - INFO - updater 19392 Patching C:\Users\m94sb\Desktop\metube-master\metube-desktop\6.7.2\mingw_64\lib\Qt6QmlModels.prl
2026-04-19 02:07:53,765 - aqt.updater - INFO - updater 19392 Patching C:\Users\m94sb\Desktop\metube-master\metube-desktop\6.7.2\mingw_64\lib\Qt6QmlNetwork.prl
2026-04-19 02:07:53,964 - aqt.updater - INFO - updater 19392 Patching C:\Users\m94sb\Desktop\metube-master\metube-desktop\6.7.2\mingw_64\lib\Qt6QmlToolingSettings.prl
2026-04-19 02:07:54,158 - aqt.updater - INFO - updater 19392 Patching C:\Users\m94sb\Desktop\metube-master\metube-desktop\6.7.2\mingw_64\lib\Qt6QmlTypeRegistrar.prl
2026-04-19 02:07:54,319 - aqt.updater - INFO - updater 19392 Patching C:\Users\m94sb\Desktop\metube-master\metube-desktop\6.7.2\mingw_64\lib\Qt6QmlWorkerScript.prl
2026-04-19 02:07:54,635 - aqt.updater - INFO - updater 19392 Patching C:\Users\m94sb\Desktop\metube-master\metube-desktop\6.7.2\mingw_64\lib\Qt6QmlXmlListModel.prl
2026-04-19 02:07:54,946 - aqt.updater - INFO - updater 19392 Patching C:\Users\m94sb\Desktop\metube-master\metube-desktop\6.7.2\mingw_64\lib\Qt6Quick.prl
2026-04-19 02:07:55,300 - aqt.updater - INFO - updater 19392 Patching C:\Users\m94sb\Desktop\metube-master\metube-desktop\6.7.2\mingw_64\lib\Qt6QuickControls2.prl
2026-04-19 02:07:55,604 - aqt.updater - INFO - updater 19392 Patching C:\Users\m94sb\Desktop\metube-master\metube-desktop\6.7.2\mingw_64\lib\Qt6QuickControls2Basic.prl
2026-04-19 02:07:55,971 - aqt.updater - INFO - updater 19392 Patching C:\Users\m94sb\Desktop\metube-master\metube-desktop\6.7.2\mingw_64\lib\Qt6QuickControls2BasicStyleImpl.prl
2026-04-19 02:07:56,152 - aqt.updater - INFO - updater 19392 Patching C:\Users\m94sb\Desktop\metube-master\metube-desktop\6.7.2\mingw_64\lib\Qt6QuickControls2Fusion.prl
2026-04-19 02:07:56,665 - aqt.updater - INFO - updater 19392 Patching C:\Users\m94sb\Desktop\metube-master\metube-desktop\6.7.2\mingw_64\lib\Qt6QuickControls2FusionStyleImpl.prl
2026-04-19 02:07:56,899 - aqt.updater - INFO - updater 19392 Patching C:\Users\m94sb\Desktop\metube-master\metube-desktop\6.7.2\mingw_64\lib\Qt6QuickControls2Imagine.prl
2026-04-19 02:07:57,261 - aqt.updater - INFO - updater 19392 Patching C:\Users\m94sb\Desktop\metube-master\metube-desktop\6.7.2\mingw_64\lib\Qt6QuickControls2ImagineStyleImpl.prl
2026-04-19 02:07:57,479 - aqt.updater - INFO - updater 19392 Patching C:\Users\m94sb\Desktop\metube-master\metube-desktop\6.7.2\mingw_64\lib\Qt6QuickControls2Impl.prl
2026-04-19 02:07:57,651 - aqt.updater - INFO - updater 19392 Patching C:\Users\m94sb\Desktop\metube-master\metube-desktop\6.7.2\mingw_64\lib\Qt6QuickControls2Material.prl
2026-04-19 02:07:57,910 - aqt.updater - INFO - updater 19392 Patching C:\Users\m94sb\Desktop\metube-master\metube-desktop\6.7.2\mingw_64\lib\Qt6QuickControls2MaterialStyleImpl.prl
2026-04-19 02:07:58,064 - aqt.updater - INFO - updater 19392 Patching C:\Users\m94sb\Desktop\metube-master\metube-desktop\6.7.2\mingw_64\lib\Qt6QuickControls2Universal.prl
2026-04-19 02:07:58,262 - aqt.updater - INFO - updater 19392 Patching C:\Users\m94sb\Desktop\metube-master\metube-desktop\6.7.2\mingw_64\lib\Qt6QuickControls2UniversalStyleImpl.prl
2026-04-19 02:07:58,462 - aqt.updater - INFO - updater 19392 Patching C:\Users\m94sb\Desktop\metube-master\metube-desktop\6.7.2\mingw_64\lib\Qt6QuickControls2WindowsStyleImpl.prl
2026-04-19 02:07:58,747 - aqt.updater - INFO - updater 19392 Patching C:\Users\m94sb\Desktop\metube-master\metube-desktop\6.7.2\mingw_64\lib\Qt6QuickControlsTestUtils.prl
2026-04-19 02:07:58,752 - aqt.updater - INFO - updater 19392 Patching C:\Users\m94sb\Desktop\metube-master\metube-desktop\6.7.2\mingw_64\lib\Qt6QuickDialogs2.prl
2026-04-19 02:07:58,766 - aqt.updater - INFO - updater 19392 Patching C:\Users\m94sb\Desktop\metube-master\metube-desktop\6.7.2\mingw_64\lib\Qt6QuickDialogs2QuickImpl.prl
2026-04-19 02:07:58,768 - aqt.updater - INFO - updater 19392 Patching C:\Users\m94sb\Desktop\metube-master\metube-desktop\6.7.2\mingw_64\lib\Qt6QuickDialogs2Utils.prl
2026-04-19 02:07:58,770 - aqt.updater - INFO - updater 19392 Patching C:\Users\m94sb\Desktop\metube-master\metube-desktop\6.7.2\mingw_64\lib\Qt6QuickEffects.prl
2026-04-19 02:07:59,240 - aqt.updater - INFO - updater 19392 Patching C:\Users\m94sb\Desktop\metube-master\metube-desktop\6.7.2\mingw_64\lib\Qt6QuickLayouts.prl
2026-04-19 02:07:59,253 - aqt.updater - INFO - updater 19392 Patching C:\Users\m94sb\Desktop\metube-master\metube-desktop\6.7.2\mingw_64\lib\Qt6QuickParticles.prl
2026-04-19 02:07:59,256 - aqt.updater - INFO - updater 19392 Patching C:\Users\m94sb\Desktop\metube-master\metube-desktop\6.7.2\mingw_64\lib\Qt6QuickShapes.prl
2026-04-19 02:07:59,258 - aqt.updater - INFO - updater 19392 Patching C:\Users\m94sb\Desktop\metube-master\metube-desktop\6.7.2\mingw_64\lib\Qt6QuickTemplates2.prl
2026-04-19 02:07:59,261 - aqt.updater - INFO - updater 19392 Patching C:\Users\m94sb\Desktop\metube-master\metube-desktop\6.7.2\mingw_64\lib\Qt6QuickTest.prl
2026-04-19 02:07:59,495 - aqt.updater - INFO - updater 19392 Patching C:\Users\m94sb\Desktop\metube-master\metube-desktop\6.7.2\mingw_64\lib\Qt6QuickTestUtils.prl
2026-04-19 02:07:59,497 - aqt.updater - INFO - updater 19392 Patching C:\Users\m94sb\Desktop\metube-master\metube-desktop\6.7.2\mingw_64\lib\Qt6QuickWidgets.prl
2026-04-19 02:07:59,502 - aqt.updater - INFO - updater 19392 Patching C:\Users\m94sb\Desktop\metube-master\metube-desktop\6.7.2\mingw_64\lib\Qt6Sql.prl
2026-04-19 02:07:59,536 - aqt.updater - INFO - updater 19392 Patching C:\Users\m94sb\Desktop\metube-master\metube-desktop\6.7.2\mingw_64\lib\Qt6Svg.prl
2026-04-19 02:07:59,538 - aqt.updater - INFO - updater 19392 Patching C:\Users\m94sb\Desktop\metube-master\metube-desktop\6.7.2\mingw_64\lib\Qt6SvgWidgets.prl
2026-04-19 02:07:59,540 - aqt.updater - INFO - updater 19392 Patching C:\Users\m94sb\Desktop\metube-master\metube-desktop\6.7.2\mingw_64\lib\Qt6Test.prl
2026-04-19 02:07:59,542 - aqt.updater - INFO - updater 19392 Patching C:\Users\m94sb\Desktop\metube-master\metube-desktop\6.7.2\mingw_64\lib\Qt6UiTools.prl
2026-04-19 02:07:59,547 - aqt.updater - INFO - updater 19392 Patching C:\Users\m94sb\Desktop\metube-master\metube-desktop\6.7.2\mingw_64\lib\Qt6WebSockets.prl
2026-04-19 02:08:00,054 - aqt.updater - INFO - updater 19392 Patching C:\Users\m94sb\Desktop\metube-master\metube-desktop\6.7.2\mingw_64\lib\Qt6Widgets.prl
2026-04-19 02:08:00,080 - aqt.updater - INFO - updater 19392 Patching C:\Users\m94sb\Desktop\metube-master\metube-desktop\6.7.2\mingw_64\lib\Qt6Xml.prl
2026-04-19 02:08:00,082 - aqt.main - INFO - installer 19392 Finished installation
2026-04-19 02:08:00,083 - aqt.main - INFO - installer 19392 Time elapsed: 124.82610560 second
2026-04-19 02:08:13,381 - aqt.installer - INFO - installer 8460 Finished installation of x32-4.7.2-release-posix-sjlj-rev8.7z in 63.83608850
2026-04-19 02:08:14,230 - aqt.helper - DEBUG - helper 16808 Attempt to download checksum at https://download.qt.io/online/qtsdkrepository/windows_x86/desktop/tools_mingw/Updates.xml.sha256
2026-04-19 02:08:21,996 - aqt.helper - DEBUG - helper 17896 Attempt to download checksum at https://download.qt.io/online/qtsdkrepository/windows_x86/desktop/tools_mingw/qt.tools.win32_mingw48/4.8.0-1-1x32-4.8.0-release-posix-dwarf-rev2.7z.sha256
2026-04-19 02:08:23,394 - aqt.helper - INFO - helper 17896 Downloading qt.tools.win32_mingw48...
2026-04-19 02:08:23,395 - aqt.installer - DEBUG - installer 17896 Download URL: https://download.qt.io/online/qtsdkrepository/windows_x86/desktop/tools_mingw/qt.tools.win32_mingw48/4.8.0-1-1x32-4.8.0-release-posix-dwarf-rev2.7z
2026-04-19 02:08:24,733 - aqt.helper - DEBUG - helper 17896 Asked to redirect(302) to: https://qt.mirror.constant.com/online/qtsdkrepository/windows_x86/desktop/tools_mingw/qt.tools.win32_mingw48/4.8.0-1-1x32-4.8.0-release-posix-dwarf-rev2.7z
2026-04-19 02:08:24,734 - aqt.helper - INFO - helper 17896 Redirected: qt.mirror.constant.com
2026-04-19 02:09:03,309 - aqt.installer - INFO - installer 17896 Finished installation of x32-4.8.0-release-posix-dwarf-rev2.7z in 41.32624820
2026-04-19 02:09:03,736 - aqt.helper - DEBUG - helper 16808 Attempt to download checksum at https://download.qt.io/online/qtsdkrepository/windows_x86/desktop/tools_mingw/Updates.xml.sha256
2026-04-19 02:09:09,504 - aqt.helper - DEBUG - helper 7904 Attempt to download checksum at https://download.qt.io/online/qtsdkrepository/windows_x86/desktop/tools_mingw/qt.tools.win32_mingw482/4.8.2i686-4.8.2-release-posix-dwarf-rt_v3-rev3.7z.sha256
2026-04-19 02:09:11,617 - aqt.helper - INFO - helper 7904 Downloading qt.tools.win32_mingw482...
2026-04-19 02:09:11,617 - aqt.installer - DEBUG - installer 7904 Download URL: https://download.qt.io/online/qtsdkrepository/windows_x86/desktop/tools_mingw/qt.tools.win32_mingw482/4.8.2i686-4.8.2-release-posix-dwarf-rt_v3-rev3.7z
2026-04-19 02:09:12,836 - aqt.helper - DEBUG - helper 7904 Asked to redirect(302) to: https://qt.mirror.constant.com/online/qtsdkrepository/windows_x86/desktop/tools_mingw/qt.tools.win32_mingw482/4.8.2i686-4.8.2-release-posix-dwarf-rt_v3-rev3.7z
2026-04-19 02:09:12,836 - aqt.helper - INFO - helper 7904 Redirected: qt.mirror.constant.com
2026-04-19 02:10:22,042 - aqt.installer - INFO - installer 7904 Finished installation of i686-4.8.2-release-posix-dwarf-rt_v3-rev3.7z in 72.55246680
2026-04-19 02:10:22,872 - aqt.helper - DEBUG - helper 16808 Attempt to download checksum at https://download.qt.io/online/qtsdkrepository/windows_x86/desktop/tools_mingw/Updates.xml.sha256
2026-04-19 02:10:28,851 - aqt.helper - DEBUG - helper 13104 Attempt to download checksum at https://download.qt.io/online/qtsdkrepository/windows_x86/desktop/tools_mingw/qt.tools.win32_mingw491/4.9.1-3i686-4.9.1-release-posix-dwarf-rt_v3-rev2.7z.sha256
2026-04-19 02:10:30,210 - aqt.helper - INFO - helper 13104 Downloading qt.tools.win32_mingw491...
2026-04-19 02:10:30,211 - aqt.installer - DEBUG - installer 13104 Download URL: https://download.qt.io/online/qtsdkrepository/windows_x86/desktop/tools_mingw/qt.tools.win32_mingw491/4.9.1-3i686-4.9.1-release-posix-dwarf-rt_v3-rev2.7z
2026-04-19 02:10:31,569 - aqt.helper - DEBUG - helper 13104 Asked to redirect(302) to: https://qt.mirror.constant.com/online/qtsdkrepository/windows_x86/desktop/tools_mingw/qt.tools.win32_mingw491/4.9.1-3i686-4.9.1-release-posix-dwarf-rt_v3-rev2.7z
2026-04-19 02:10:31,569 - aqt.helper - INFO - helper 13104 Redirected: qt.mirror.constant.com
2026-04-19 02:11:55,404 - aqt.installer - INFO - installer 13104 Finished installation of i686-4.9.1-release-posix-dwarf-rt_v3-rev2.7z in 86.56045600
2026-04-19 02:11:56,240 - aqt.helper - DEBUG - helper 16808 Attempt to download checksum at https://download.qt.io/online/qtsdkrepository/windows_x86/desktop/tools_mingw/Updates.xml.sha256
2026-04-19 02:12:07,191 - aqt.helper - DEBUG - helper 7032 Attempt to download checksum at https://download.qt.io/online/qtsdkrepository/windows_x86/desktop/tools_mingw/qt.tools.win32_mingw492/4.9.2-1i686-4.9.2-release-posix-dwarf-rt_v3-rev1.7z.sha256
2026-04-19 02:12:08,632 - aqt.helper - INFO - helper 7032 Downloading qt.tools.win32_mingw492...
2026-04-19 02:12:08,633 - aqt.installer - DEBUG - installer 7032 Download URL: https://download.qt.io/online/qtsdkrepository/windows_x86/desktop/tools_mingw/qt.tools.win32_mingw492/4.9.2-1i686-4.9.2-release-posix-dwarf-rt_v3-rev1.7z
2026-04-19 02:12:09,895 - aqt.helper - DEBUG - helper 7032 Asked to redirect(302) to: https://qt.mirror.constant.com/online/qtsdkrepository/windows_x86/desktop/tools_mingw/qt.tools.win32_mingw492/4.9.2-1i686-4.9.2-release-posix-dwarf-rt_v3-rev1.7z
2026-04-19 02:12:09,896 - aqt.helper - INFO - helper 7032 Redirected: qt.mirror.constant.com
2026-04-19 02:14:06,647 - aqt.main - INFO - installer 14996 aqtinstall(aqt) v3.3.0 on Python 3.14.2 [CPython MSC v.1944 64 bit (AMD64)]
2026-04-19 02:14:06,649 - aqt.helper - DEBUG - helper 14996 Attempt to download checksum at https://download.qt.io/online/qtsdkrepository/windows_x86/desktop/tools_mingw/Updates.xml.sha256
2026-04-19 02:14:11,240 - aqt.main - ERROR - installer 14996 The package 'qt.tools.win64_mingw1120' was not found while parsing XML of package information!
==============================Suggested follow-up:==============================
* Please use 'aqt list-tool windows desktop tools_mingw' to show tool variants available.
2026-04-19 02:14:12,965 - aqt.installer - INFO - installer 7032 Finished installation of i686-4.9.2-release-posix-dwarf-rt_v3-rev1.7z in 125.78139730
2026-04-19 02:14:14,063 - aqt.helper - DEBUG - helper 16808 Attempt to download checksum at https://download.qt.io/online/qtsdkrepository/windows_x86/desktop/tools_mingw/Updates.xml.sha256
2026-04-19 02:14:20,842 - aqt.helper - DEBUG - helper 5416 Attempt to download checksum at https://download.qt.io/online/qtsdkrepository/windows_x86/desktop/tools_mingw/qt.tools.win32_mingw530/5.3.0-2i686-5.3.0-release-posix-dwarf-rt_v4-rev0.7z.sha256
2026-04-19 02:14:22,364 - aqt.helper - INFO - helper 5416 Downloading qt.tools.win32_mingw530...
2026-04-19 02:14:22,365 - aqt.installer - DEBUG - installer 5416 Download URL: https://download.qt.io/online/qtsdkrepository/windows_x86/desktop/tools_mingw/qt.tools.win32_mingw530/5.3.0-2i686-5.3.0-release-posix-dwarf-rt_v4-rev0.7z
2026-04-19 02:14:23,867 - aqt.helper - DEBUG - helper 5416 Asked to redirect(302) to: https://qt.mirror.constant.com/online/qtsdkrepository/windows_x86/desktop/tools_mingw/qt.tools.win32_mingw530/5.3.0-2i686-5.3.0-release-posix-dwarf-rt_v4-rev0.7z
2026-04-19 02:14:23,867 - aqt.helper - INFO - helper 5416 Redirected: qt.mirror.constant.com
2026-04-19 02:14:34,639 - aqt.helper - DEBUG - helper 8348 Attempt to download checksum at https://download.qt.io/online/qtsdkrepository/windows_x86/desktop/tools_mingw/Updates.xml.sha256
2026-04-19 02:15:35,355 - aqt.installer - INFO - installer 5416 Finished installation of i686-5.3.0-release-posix-dwarf-rt_v4-rev0.7z in 74.51986660
2026-04-19 02:15:36,229 - aqt.helper - DEBUG - helper 16808 Attempt to download checksum at https://download.qt.io/online/qtsdkrepository/windows_x86/desktop/tools_mingw/Updates.xml.sha256
2026-04-19 02:15:41,791 - aqt.helper - DEBUG - helper 7596 Attempt to download checksum at https://download.qt.io/online/qtsdkrepository/windows_x86/desktop/tools_mingw/qt.tools.win32_mingw730/7.3.0-1-202004170606i686-7.3.0-release-posix-dwarf-rt_v5-rev0.7z.sha256
2026-04-19 02:15:43,102 - aqt.helper - INFO - helper 7596 Downloading qt.tools.win32_mingw730...
2026-04-19 02:15:43,102 - aqt.installer - DEBUG - installer 7596 Download URL: https://download.qt.io/online/qtsdkrepository/windows_x86/desktop/tools_mingw/qt.tools.win32_mingw730/7.3.0-1-202004170606i686-7.3.0-release-posix-dwarf-rt_v5-rev0.7z
2026-04-19 02:15:44,337 - aqt.helper - DEBUG - helper 7596 Asked to redirect(302) to: https://qt.mirror.constant.com/online/qtsdkrepository/windows_x86/desktop/tools_mingw/qt.tools.win32_mingw730/7.3.0-1-202004170606i686-7.3.0-release-posix-dwarf-rt_v5-rev0.7z
2026-04-19 02:15:44,338 - aqt.helper - INFO - helper 7596 Redirected: qt.mirror.constant.com
2026-04-19 02:16:24,436 - aqt.main - INFO - installer 16856 aqtinstall(aqt) v3.3.0 on Python 3.14.2 [CPython MSC v.1944 64 bit (AMD64)]
2026-04-19 02:16:24,438 - aqt.helper - DEBUG - helper 16856 Attempt to download checksum at https://download.qt.io/online/qtsdkrepository/windows_x86/desktop/tools_mingw/Updates.xml.sha256
2026-04-19 02:16:27,467 - aqt.main - ERROR - installer 16856 The package 'qt.tools.win64_mingw1310' was not found while parsing XML of package information!
==============================Suggested follow-up:==============================
* Please use 'aqt list-tool windows desktop tools_mingw' to show tool variants available.
2026-04-19 02:16:52,714 - aqt.installer - INFO - installer 7596 Finished installation of i686-7.3.0-release-posix-dwarf-rt_v5-rev0.7z in 70.92896450
2026-04-19 02:16:53,436 - aqt.helper - DEBUG - helper 16808 Attempt to download checksum at https://download.qt.io/online/qtsdkrepository/windows_x86/desktop/tools_mingw/Updates.xml.sha256
2026-04-19 02:17:00,687 - aqt.helper - DEBUG - helper 18112 Attempt to download checksum at https://download.qt.io/online/qtsdkrepository/windows_x86/desktop/tools_mingw/qt.tools.win32_mingw810/8.1.0-1-202004170606i686-8.1.0-release-posix-dwarf-rt_v6-rev0.7z.sha256
2026-04-19 02:17:02,057 - aqt.helper - INFO - helper 18112 Downloading qt.tools.win32_mingw810...
2026-04-19 02:17:02,058 - aqt.installer - DEBUG - installer 18112 Download URL: https://download.qt.io/online/qtsdkrepository/windows_x86/desktop/tools_mingw/qt.tools.win32_mingw810/8.1.0-1-202004170606i686-8.1.0-release-posix-dwarf-rt_v6-rev0.7z
2026-04-19 02:17:03,475 - aqt.helper - DEBUG - helper 18112 Asked to redirect(302) to: https://qt.mirror.constant.com/online/qtsdkrepository/windows_x86/desktop/tools_mingw/qt.tools.win32_mingw810/8.1.0-1-202004170606i686-8.1.0-release-posix-dwarf-rt_v6-rev0.7z
2026-04-19 02:17:03,476 - aqt.helper - INFO - helper 18112 Redirected: qt.mirror.constant.com
2026-04-19 02:17:25,079 - aqt.helper - DEBUG - helper 19192 Attempt to download checksum at https://download.qt.io/online/qtsdkrepository/windows_x86/desktop/tools_mingw1310/Updates.xml.sha256
2026-04-19 02:17:54,348 - aqt.main - INFO - installer 16592 aqtinstall(aqt) v3.3.0 on Python 3.14.2 [CPython MSC v.1944 64 bit (AMD64)]
2026-04-19 02:17:54,349 - aqt.helper - DEBUG - helper 16592 Attempt to download checksum at https://download.qt.io/online/qtsdkrepository/windows_x86/desktop/tools_mingw1120/Updates.xml.sha256
2026-04-19 02:17:55,643 - aqt.helper - DEBUG - helper 16592 Attempt to download checksum at https://download.qt.io/online/qtsdkrepository/windows_x86/desktop/tools_mingw1120/Updates.xml.sha256
2026-04-19 02:17:56,916 - aqt.helper - DEBUG - helper 16592 Attempt to download checksum at https://download.qt.io/online/qtsdkrepository/windows_x86/desktop/tools_mingw1120/Updates.xml.sha256
2026-04-19 02:17:58,588 - aqt.helper - DEBUG - helper 16592 Attempt to download checksum at https://download.qt.io/online/qtsdkrepository/windows_x86/desktop/tools_mingw1120/Updates.xml.sha256
2026-04-19 02:17:59,887 - aqt.helper - DEBUG - helper 16592 Attempt to download checksum at https://download.qt.io/online/qtsdkrepository/windows_x86/desktop/tools_mingw1120/Updates.xml.sha256
2026-04-19 02:18:01,496 - aqt.archives - WARNING - archives 16592 Failed to download checksum for the file 'online/qtsdkrepository/windows_x86/desktop/tools_mingw1120/Updates.xml'. This may happen on unofficial mirrors.
2026-04-19 02:18:02,976 - aqt.main - ERROR - installer 16592 Failed to locate XML data for the tool 'tools_mingw1120'.
==============================Suggested follow-up:==============================
* Please use 'aqt list-tool windows desktop' to show tools available.
2026-04-19 02:18:07,297 - aqt.installer - INFO - installer 18112 Finished installation of i686-8.1.0-release-posix-dwarf-rt_v6-rev0.7z in 66.61745530
2026-04-19 02:18:08,016 - aqt.helper - DEBUG - helper 16808 Attempt to download checksum at https://download.qt.io/online/qtsdkrepository/windows_x86/desktop/tools_mingw/Updates.xml.sha256
2026-04-19 02:18:13,079 - aqt.helper - DEBUG - helper 6760 Attempt to download checksum at https://download.qt.io/online/qtsdkrepository/windows_x86/desktop/tools_mingw/qt.tools.win64_mingw730/7.3.0-1-202004170606x86_64-7.3.0-release-posix-seh-rt_v5-rev0.7z.sha256
2026-04-19 02:18:14,216 - aqt.helper - INFO - helper 6760 Downloading qt.tools.win64_mingw730...
2026-04-19 02:18:14,216 - aqt.installer - DEBUG - installer 6760 Download URL: https://download.qt.io/online/qtsdkrepository/windows_x86/desktop/tools_mingw/qt.tools.win64_mingw730/7.3.0-1-202004170606x86_64-7.3.0-release-posix-seh-rt_v5-rev0.7z
2026-04-19 02:18:15,339 - aqt.helper - DEBUG - helper 6760 Asked to redirect(302) to: https://qt.mirror.constant.com/online/qtsdkrepository/windows_x86/desktop/tools_mingw/qt.tools.win64_mingw730/7.3.0-1-202004170606x86_64-7.3.0-release-posix-seh-rt_v5-rev0.7z
2026-04-19 02:18:15,339 - aqt.helper - INFO - helper 6760 Redirected: qt.mirror.constant.com
2026-04-19 02:19:39,760 - aqt.installer - INFO - installer 6760 Finished installation of x86_64-7.3.0-release-posix-seh-rt_v5-rev0.7z in 86.68771860
2026-04-19 02:19:40,733 - aqt.helper - DEBUG - helper 16808 Attempt to download checksum at https://download.qt.io/online/qtsdkrepository/windows_x86/desktop/tools_mingw/Updates.xml.sha256
2026-04-19 02:19:46,302 - aqt.helper - DEBUG - helper 15184 Attempt to download checksum at https://download.qt.io/online/qtsdkrepository/windows_x86/desktop/tools_mingw/qt.tools.win64_mingw810/8.1.0-1-202004170606x86_64-8.1.0-release-posix-seh-rt_v6-rev0.7z.sha256
2026-04-19 02:19:47,452 - aqt.helper - INFO - helper 15184 Downloading qt.tools.win64_mingw810...
2026-04-19 02:19:47,453 - aqt.installer - DEBUG - installer 15184 Download URL: https://download.qt.io/online/qtsdkrepository/windows_x86/desktop/tools_mingw/qt.tools.win64_mingw810/8.1.0-1-202004170606x86_64-8.1.0-release-posix-seh-rt_v6-rev0.7z
2026-04-19 02:19:48,567 - aqt.helper - DEBUG - helper 15184 Asked to redirect(302) to: https://qt.mirror.constant.com/online/qtsdkrepository/windows_x86/desktop/tools_mingw/qt.tools.win64_mingw810/8.1.0-1-202004170606x86_64-8.1.0-release-posix-seh-rt_v6-rev0.7z
2026-04-19 02:19:48,567 - aqt.helper - INFO - helper 15184 Redirected: qt.mirror.constant.com
2026-04-19 02:21:02,514 - aqt.installer - INFO - installer 15184 Finished installation of x86_64-8.1.0-release-posix-seh-rt_v6-rev0.7z in 76.21844400
2026-04-19 02:21:03,219 - aqt.main - INFO - installer 16808 Finished installation
2026-04-19 02:21:03,219 - aqt.main - INFO - installer 16808 Time elapsed: 846.10890390 second
2026-04-19 02:31:04,282 - aqt.main - INFO - installer 14000 aqtinstall(aqt) v3.3.0 on Python 3.14.2 [CPython MSC v.1944 64 bit (AMD64)]
2026-04-19 02:31:04,283 - aqt.helper - DEBUG - helper 14000 Attempt to download checksum at https://download.qt.io/online/qtsdkrepository/windows_x86/desktop/tools_mingw/Updates.xml.sha256
2026-04-19 02:31:06,807 - aqt.helper - DEBUG - helper 15124 Attempt to download checksum at https://download.qt.io/online/qtsdkrepository/windows_x86/desktop/tools_mingw/qt.tools.win64_mingw810/8.1.0-1-202004170606x86_64-8.1.0-release-posix-seh-rt_v6-rev0.7z.sha256
2026-04-19 02:31:07,514 - aqt.helper - INFO - helper 15124 Downloading qt.tools.win64_mingw810...
2026-04-19 02:31:07,514 - aqt.installer - DEBUG - installer 15124 Download URL: https://download.qt.io/online/qtsdkrepository/windows_x86/desktop/tools_mingw/qt.tools.win64_mingw810/8.1.0-1-202004170606x86_64-8.1.0-release-posix-seh-rt_v6-rev0.7z
2026-04-19 02:31:08,350 - aqt.helper - DEBUG - helper 15124 Asked to redirect(302) to: https://qt.mirror.constant.com/online/qtsdkrepository/windows_x86/desktop/tools_mingw/qt.tools.win64_mingw810/8.1.0-1-202004170606x86_64-8.1.0-release-posix-seh-rt_v6-rev0.7z
2026-04-19 02:31:08,350 - aqt.helper - INFO - helper 15124 Redirected: qt.mirror.constant.com
2026-04-19 02:32:04,281 - aqt.installer - INFO - installer 15124 Finished installation of x86_64-8.1.0-release-posix-seh-rt_v6-rev0.7z in 57.47746790
2026-04-19 02:32:05,085 - aqt.main - INFO - installer 14000 Finished installation
2026-04-19 02:32:05,085 - aqt.main - INFO - installer 14000 Time elapsed: 60.80296120 second
2026-04-19 02:41:18,302 - aqt.helper - DEBUG - helper 6204 Attempt to download checksum at https://download.qt.io/online/qtsdkrepository/windows_x86/desktop/tools_mingw/Updates.xml.sha256
2026-04-19 02:42:17,992 - aqt.helper - DEBUG - helper 17936 Attempt to download checksum at https://download.qt.io/online/qtsdkrepository/windows_x86/desktop/tools_mingw90/Updates.xml.sha256
2026-04-19 02:42:34,032 - aqt.main - INFO - installer 17248 aqtinstall(aqt) v3.3.0 on Python 3.14.2 [CPython MSC v.1944 64 bit (AMD64)]
2026-04-19 02:42:34,033 - aqt.helper - DEBUG - helper 17248 Attempt to download checksum at https://download.qt.io/online/qtsdkrepository/windows_x86/desktop/tools_mingw/Updates.xml.sha256
2026-04-19 02:42:35,554 - aqt.main - ERROR - installer 17248 The package 'qt.tools.win64_mingw1120' was not found while parsing XML of package information!
==============================Suggested follow-up:==============================
* Please use 'aqt list-tool windows desktop tools_mingw' to show tool variants available.
2026-04-19 02:42:51,096 - aqt.helper - DEBUG - helper 17276 Attempt to download checksum at https://download.qt.io/online/qtsdkrepository/windows_x86/desktop/tools_mingw1120/Updates.xml.sha256
2026-04-19 02:42:51,801 - aqt.helper - DEBUG - helper 17276 Attempt to download checksum at https://download.qt.io/online/qtsdkrepository/windows_x86/desktop/tools_mingw1120/Updates.xml.sha256
2026-04-19 02:42:52,543 - aqt.helper - DEBUG - helper 17276 Attempt to download checksum at https://download.qt.io/online/qtsdkrepository/windows_x86/desktop/tools_mingw1120/Updates.xml.sha256
2026-04-19 02:42:53,294 - aqt.helper - DEBUG - helper 17276 Attempt to download checksum at https://download.qt.io/online/qtsdkrepository/windows_x86/desktop/tools_mingw1120/Updates.xml.sha256
2026-04-19 02:42:54,014 - aqt.helper - DEBUG - helper 17276 Attempt to download checksum at https://download.qt.io/online/qtsdkrepository/windows_x86/desktop/tools_mingw1120/Updates.xml.sha256
2026-04-19 02:42:54,711 - aqt.main - ERROR - installer 17276 Failed to download checksum for the file 'Updates.xml' from mirrors '['https://download.qt.io']
==============================Suggested follow-up:==============================
* Check your internet connection
* Consider modifying `requests.max_retries_to_retrieve_hash` in settings.ini
* Consider modifying `mirrors.trusted_mirrors` in settings.ini (see https://aqtinstall.readthedocs.io/en/stable/configuration.html#configuration)
* Please use 'aqt list-tool windows desktop' to check what tools are available.
2026-04-19 02:44:07,261 - aqt.helper - DEBUG - helper 14980 Attempt to download checksum at https://download.qt.io/online/qtsdkrepository/windows_x86/desktop/tools_mingw1310/Updates.xml.sha256
